2015-10-22T14:12:56+02:00 WARN (4): The "." character is missing in the token [44591445120841] {"Zf2Logger":"{\"sessionId\":\"o6iam58vgadu2hhjojo8bgr0i6\",\"host\":\"smiletomove.local\",\"ip\":\"127.0.0.1\"}"}
2015-10-22T14:12:56+02:00 INFO (6): #0 /private/var/www/stmhub/module/Application/src/Application/Controller/ExamController.php(172): Application\Service\ExamService->getCurrentExamSessionItemByToken('44591445120841', false)
#1 /private/var/www/stmhub/module/Application/src/Application/Controller/ExamController.php(157): Application\Controller\ExamController->tokenize(false)
#2 /private/var/www/stmhub/vendor/zendframework/zend-mvc/src/Controller/AbstractActionController.php(82): Application\Controller\ExamController->tokenAction()
#3 [internal function]: Zend\Mvc\Controller\AbstractActionController->onDispatch(Object(Zend\Mvc\MvcEvent))
#4 /private/var/www/stmhub/vendor/zendframework/zend-eventmanager/src/EventManager.php(444): call_user_func(Array, Object(Zend\Mvc\MvcEvent))
#5 /private/var/www/stmhub/vendor/zendframework/zend-eventmanager/src/EventManager.php(205): Zend\EventManager\EventManager->triggerListeners('dispatch', Object(Zend\Mvc\MvcEvent), Object(Closure))
#6 /private/var/www/stmhub/vendor/zendframework/zend-mvc/src/Controller/AbstractController.php(118): Zend\EventManager\EventManager->trigger('dispatch', Object(Zend\Mvc\MvcEvent), Object(Closure))
#7 /private/var/www/stmhub/vendor/zendframework/zend-mvc/src/DispatchListener.php(93): Zend\Mvc\Controller\AbstractController->dispatch(Object(ZF\ContentNegotiation\Request), Object(Zend\Http\PhpEnvironment\Response))
#8 [internal function]: Zend\Mvc\DispatchListener->onDispatch(Object(Zend\Mvc\MvcEvent))
#9 /private/var/www/stmhub/vendor/zendframework/zend-eventmanager/src/EventManager.php(444): call_user_func(Array, Object(Zend\Mvc\MvcEvent))
#10 /private/var/www/stmhub/vendor/zendframework/zend-eventmanager/src/EventManager.php(205): Zend\EventManager\EventManager->triggerListeners('dispatch', Object(Zend\Mvc\MvcEvent), Object(Closure))
#11 /private/var/www/stmhub/vendor/zendframework/zend-mvc/src/Application.php(314): Zend\EventManager\EventManager->trigger('dispatch', Object(Zend\Mvc\MvcEvent), Object(Closure))
#12 /private/var/www/stmhub/public/index.php(40): Zend\Mvc\Application->run()
#13 {main} {"Zf2Logger":"{\"sessionId\":\"o6iam58vgadu2hhjojo8bgr0i6\",\"host\":\"smiletomove.local\",\"ip\":\"127.0.0.1\"}"}
2015-10-22T14:12:56+02:00 NOTICE (5): Received inconsistant/malfrormed request token [44591445120841] {"Zf2Logger":"{\"sessionId\":\"o6iam58vgadu2hhjojo8bgr0i6\",\"host\":\"smiletomove.local\",\"ip\":\"127.0.0.1\"}"}
2015-10-22T21:18:25+02:00 WARN (4): The "." character is missing in the token [44591445120841] {"Zf2Logger":"{\"sessionId\":\"o6iam58vgadu2hhjojo8bgr0i6\",\"host\":\"smiletomove.local\",\"ip\":\"127.0.0.1\"}"}
2015-10-22T21:18:25+02:00 INFO (6): #0 /private/var/www/stmhub/module/Application/src/Application/Controller/ExamController.php(172): Application\Service\ExamService->getCurrentExamSessionItemByToken('44591445120841', false)
#1 /private/var/www/stmhub/module/Application/src/Application/Controller/ExamController.php(157): Application\Controller\ExamController->tokenize(false)
#2 /private/var/www/stmhub/vendor/zendframework/zend-mvc/src/Controller/AbstractActionController.php(82): Application\Controller\ExamController->tokenAction()
#3 [internal function]: Zend\Mvc\Controller\AbstractActionController->onDispatch(Object(Zend\Mvc\MvcEvent))
#4 /private/var/www/stmhub/vendor/zendframework/zend-eventmanager/src/EventManager.php(444): call_user_func(Array, Object(Zend\Mvc\MvcEvent))
#5 /private/var/www/stmhub/vendor/zendframework/zend-eventmanager/src/EventManager.php(205): Zend\EventManager\EventManager->triggerListeners('dispatch', Object(Zend\Mvc\MvcEvent), Object(Closure))
#6 /private/var/www/stmhub/vendor/zendframework/zend-mvc/src/Controller/AbstractController.php(118): Zend\EventManager\EventManager->trigger('dispatch', Object(Zend\Mvc\MvcEvent), Object(Closure))
#7 /private/var/www/stmhub/vendor/zendframework/zend-mvc/src/DispatchListener.php(93): Zend\Mvc\Controller\AbstractController->dispatch(Object(ZF\ContentNegotiation\Request), Object(Zend\Http\PhpEnvironment\Response))
#8 [internal function]: Zend\Mvc\DispatchListener->onDispatch(Object(Zend\Mvc\MvcEvent))
#9 /private/var/www/stmhub/vendor/zendframework/zend-eventmanager/src/EventManager.php(444): call_user_func(Array, Object(Zend\Mvc\MvcEvent))
#10 /private/var/www/stmhub/vendor/zendframework/zend-eventmanager/src/EventManager.php(205): Zend\EventManager\EventManager->triggerListeners('dispatch', Object(Zend\Mvc\MvcEvent), Object(Closure))
#11 /private/var/www/stmhub/vendor/zendframework/zend-mvc/src/Application.php(314): Zend\EventManager\EventManager->trigger('dispatch', Object(Zend\Mvc\MvcEvent), Object(Closure))
#12 /private/var/www/stmhub/public/index.php(40): Zend\Mvc\Application->run()
#13 {main} {"Zf2Logger":"{\"sessionId\":\"o6iam58vgadu2hhjojo8bgr0i6\",\"host\":\"smiletomove.local\",\"ip\":\"127.0.0.1\"}"}
2015-10-22T21:18:25+02:00 NOTICE (5): Received inconsistant/malfrormed request token [44591445120841] {"Zf2Logger":"{\"sessionId\":\"o6iam58vgadu2hhjojo8bgr0i6\",\"host\":\"smiletomove.local\",\"ip\":\"127.0.0.1\"}"}
