2015-12-16T00:28:58+01:00 WARN (4): No exam session found for the token session part [a6990ed96e2c5acac92acdcc3f83ba4e2893ad76] {"Zf2Logger":"{\"sessionId\":\"n8bh4mqgj5h61aein9o5216337\",\"host\":\"smiletomove.local\",\"ip\":\"127.0.0.1\"}"}
2015-12-16T00:28:58+01:00 INFO (6): #0 /private/var/www/stmhub/module/Application/src/Application/Controller/ExamController.php(191): Application\Service\ExamService->getCurrentExamSessionItemByToken('39311445254797....', true)
#1 /private/var/www/stmhub/module/Application/src/Application/Controller/ExamController.php(179): Application\Controller\ExamController->tokenize(true)
#2 /private/var/www/stmhub/vendor/zendframework/zend-mvc/src/Controller/AbstractActionController.php(82): Application\Controller\ExamController->tokenchallengeAction()
#3 [internal function]: Zend\Mvc\Controller\AbstractActionController->onDispatch(Object(Zend\Mvc\MvcEvent))
#4 /private/var/www/stmhub/vendor/zendframework/zend-eventmanager/src/EventManager.php(444): call_user_func(Array, Object(Zend\Mvc\MvcEvent))
#5 /private/var/www/stmhub/vendor/zendframework/zend-eventmanager/src/EventManager.php(205): Zend\EventManager\EventManager->triggerListeners('dispatch', Object(Zend\Mvc\MvcEvent), Object(Closure))
#6 /private/var/www/stmhub/vendor/zendframework/zend-mvc/src/Controller/AbstractController.php(118): Zend\EventManager\EventManager->trigger('dispatch', Object(Zend\Mvc\MvcEvent), Object(Closure))
#7 /private/var/www/stmhub/vendor/zendframework/zend-mvc/src/DispatchListener.php(93): Zend\Mvc\Controller\AbstractController->dispatch(Object(ZF\ContentNegotiation\Request), Object(Zend\Http\PhpEnvironment\Response))
#8 [internal function]: Zend\Mvc\DispatchListener->onDispatch(Object(Zend\Mvc\MvcEvent))
#9 /private/var/www/stmhub/vendor/zendframework/zend-eventmanager/src/EventManager.php(444): call_user_func(Array, Object(Zend\Mvc\MvcEvent))
#10 /private/var/www/stmhub/vendor/zendframework/zend-eventmanager/src/EventManager.php(205): Zend\EventManager\EventManager->triggerListeners('dispatch', Object(Zend\Mvc\MvcEvent), Object(Closure))
#11 /private/var/www/stmhub/vendor/zendframework/zend-mvc/src/Application.php(314): Zend\EventManager\EventManager->trigger('dispatch', Object(Zend\Mvc\MvcEvent), Object(Closure))
#12 /private/var/www/stmhub/public/index.php(40): Zend\Mvc\Application->run()
#13 {main} {"Zf2Logger":"{\"sessionId\":\"n8bh4mqgj5h61aein9o5216337\",\"host\":\"smiletomove.local\",\"ip\":\"127.0.0.1\"}"}
2015-12-16T00:29:27+01:00 ERR (3): Object of class Doctrine\ORM\NativeQuery could not be converted to string {"errno":4096,"file":"/private/var/www/stmhub/module/Application/src/Application/Entity/Repository/StudentHasCourseHasExamRepo.php","line":26,"Zf2Logger":"{\"sessionId\":\"n8bh4mqgj5h61aein9o5216337\",\"host\":\"smiletomove.local\",\"ip\":\"127.0.0.1\"}"}
2015-12-16T00:31:38+01:00 WARN (4): No query found named 'myquery' on class 'Application\Entity\StudentHasCourseHasExam'. {"Zf2Logger":"{\"sessionId\":\"n8bh4mqgj5h61aein9o5216337\",\"host\":\"smiletomove.local\",\"ip\":\"127.0.0.1\"}"}
2015-12-16T00:31:38+01:00 INFO (6): #0 /private/var/www/stmhub/vendor/doctrine/orm/lib/Doctrine/ORM/Mapping/ClassMetadataInfo.php(1310): Doctrine\ORM\Mapping\MappingException::queryNotFound('Application\\Ent...', 'myquery')
#1 /private/var/www/stmhub/vendor/doctrine/orm/lib/Doctrine/ORM/EntityRepository.php(124): Doctrine\ORM\Mapping\ClassMetadataInfo->getNamedNativeQuery('myquery')
#2 /private/var/www/stmhub/module/Application/src/Application/Entity/Repository/StudentHasCourseHasExamRepo.php(24): Doctrine\ORM\EntityRepository->createNativeNamedQuery('myquery')
#3 /private/var/www/stmhub/module/Application/src/Application/Service/ExamService.php(236): Application\Entity\Repository\StudentHasCourseHasExamRepo->getAllByPoints()
#4 /private/var/www/stmhub/module/Application/src/Application/Service/ExamService.php(257): Application\Service\ExamService->getCurrentPositionForStudentInCourse(Object(DoctrineORMModule\Proxy\__CG__\Application\Entity\StudentHasCourse))
#5 /private/var/www/stmhub/module/Application/src/Application/Service/ExamService.php(641): Application\Service\ExamService->composeAnswer(Object(Application\Entity\StudentHasCourseHasExam), false, 'Questa sessione...')
#6 /private/var/www/stmhub/module/Application/src/Application/Controller/ExamController.php(191): Application\Service\ExamService->getCurrentExamSessionItemByToken('66421445254797....', false)
#7 /private/var/www/stmhub/module/Application/src/Application/Controller/ExamController.php(170): Application\Controller\ExamController->tokenize(false)
#8 /private/var/www/stmhub/vendor/zendframework/zend-mvc/src/Controller/AbstractActionController.php(82): Application\Controller\ExamController->tokenAction()
#9 [internal function]: Zend\Mvc\Controller\AbstractActionController->onDispatch(Object(Zend\Mvc\MvcEvent))
#10 /private/var/www/stmhub/vendor/zendframework/zend-eventmanager/src/EventManager.php(444): call_user_func(Array, Object(Zend\Mvc\MvcEvent))
#11 /private/var/www/stmhub/vendor/zendframework/zend-eventmanager/src/EventManager.php(205): Zend\EventManager\EventManager->triggerListeners('dispatch', Object(Zend\Mvc\MvcEvent), Object(Closure))
#12 /private/var/www/stmhub/vendor/zendframework/zend-mvc/src/Controller/AbstractController.php(118): Zend\EventManager\EventManager->trigger('dispatch', Object(Zend\Mvc\MvcEvent), Object(Closure))
#13 /private/var/www/stmhub/vendor/zendframework/zend-mvc/src/DispatchListener.php(93): Zend\Mvc\Controller\AbstractController->dispatch(Object(ZF\ContentNegotiation\Request), Object(Zend\Http\PhpEnvironment\Response))
#14 [internal function]: Zend\Mvc\DispatchListener->onDispatch(Object(Zend\Mvc\MvcEvent))
#15 /private/var/www/stmhub/vendor/zendframework/zend-eventmanager/src/EventManager.php(444): call_user_func(Array, Object(Zend\Mvc\MvcEvent))
#16 /private/var/www/stmhub/vendor/zendframework/zend-eventmanager/src/EventManager.php(205): Zend\EventManager\EventManager->triggerListeners('dispatch', Object(Zend\Mvc\MvcEvent), Object(Closure))
#17 /private/var/www/stmhub/vendor/zendframework/zend-mvc/src/Application.php(314): Zend\EventManager\EventManager->trigger('dispatch', Object(Zend\Mvc\MvcEvent), Object(Closure))
#18 /private/var/www/stmhub/public/index.php(40): Zend\Mvc\Application->run()
#19 {main} {"Zf2Logger":"{\"sessionId\":\"n8bh4mqgj5h61aein9o5216337\",\"host\":\"smiletomove.local\",\"ip\":\"127.0.0.1\"}"}
2015-12-16T00:31:52+01:00 WARN (4): No exam session found for the token session part [a6990ed96e2c5acac92acdcc3f83ba4e2893ad76] {"Zf2Logger":"{\"sessionId\":\"n8bh4mqgj5h61aein9o5216337\",\"host\":\"smiletomove.local\",\"ip\":\"127.0.0.1\"}"}
2015-12-16T00:31:52+01:00 INFO (6): #0 /private/var/www/stmhub/module/Application/src/Application/Controller/ExamController.php(191): Application\Service\ExamService->getCurrentExamSessionItemByToken('39311445254797....', true)
#1 /private/var/www/stmhub/module/Application/src/Application/Controller/ExamController.php(179): Application\Controller\ExamController->tokenize(true)
#2 /private/var/www/stmhub/vendor/zendframework/zend-mvc/src/Controller/AbstractActionController.php(82): Application\Controller\ExamController->tokenchallengeAction()
#3 [internal function]: Zend\Mvc\Controller\AbstractActionController->onDispatch(Object(Zend\Mvc\MvcEvent))
#4 /private/var/www/stmhub/vendor/zendframework/zend-eventmanager/src/EventManager.php(444): call_user_func(Array, Object(Zend\Mvc\MvcEvent))
#5 /private/var/www/stmhub/vendor/zendframework/zend-eventmanager/src/EventManager.php(205): Zend\EventManager\EventManager->triggerListeners('dispatch', Object(Zend\Mvc\MvcEvent), Object(Closure))
#6 /private/var/www/stmhub/vendor/zendframework/zend-mvc/src/Controller/AbstractController.php(118): Zend\EventManager\EventManager->trigger('dispatch', Object(Zend\Mvc\MvcEvent), Object(Closure))
#7 /private/var/www/stmhub/vendor/zendframework/zend-mvc/src/DispatchListener.php(93): Zend\Mvc\Controller\AbstractController->dispatch(Object(ZF\ContentNegotiation\Request), Object(Zend\Http\PhpEnvironment\Response))
#8 [internal function]: Zend\Mvc\DispatchListener->onDispatch(Object(Zend\Mvc\MvcEvent))
#9 /private/var/www/stmhub/vendor/zendframework/zend-eventmanager/src/EventManager.php(444): call_user_func(Array, Object(Zend\Mvc\MvcEvent))
#10 /private/var/www/stmhub/vendor/zendframework/zend-eventmanager/src/EventManager.php(205): Zend\EventManager\EventManager->triggerListeners('dispatch', Object(Zend\Mvc\MvcEvent), Object(Closure))
#11 /private/var/www/stmhub/vendor/zendframework/zend-mvc/src/Application.php(314): Zend\EventManager\EventManager->trigger('dispatch', Object(Zend\Mvc\MvcEvent), Object(Closure))
#12 /private/var/www/stmhub/public/index.php(40): Zend\Mvc\Application->run()
#13 {main} {"Zf2Logger":"{\"sessionId\":\"n8bh4mqgj5h61aein9o5216337\",\"host\":\"smiletomove.local\",\"ip\":\"127.0.0.1\"}"}
2015-12-16T00:31:54+01:00 WARN (4): No query found named 'myquery' on class 'Application\Entity\StudentHasCourseHasExam'. {"Zf2Logger":"{\"sessionId\":\"n8bh4mqgj5h61aein9o5216337\",\"host\":\"smiletomove.local\",\"ip\":\"127.0.0.1\"}"}
2015-12-16T00:31:54+01:00 INFO (6): #0 /private/var/www/stmhub/vendor/doctrine/orm/lib/Doctrine/ORM/Mapping/ClassMetadataInfo.php(1310): Doctrine\ORM\Mapping\MappingException::queryNotFound('Application\\Ent...', 'myquery')
#1 /private/var/www/stmhub/vendor/doctrine/orm/lib/Doctrine/ORM/EntityRepository.php(124): Doctrine\ORM\Mapping\ClassMetadataInfo->getNamedNativeQuery('myquery')
#2 /private/var/www/stmhub/module/Application/src/Application/Entity/Repository/StudentHasCourseHasExamRepo.php(24): Doctrine\ORM\EntityRepository->createNativeNamedQuery('myquery')
#3 /private/var/www/stmhub/module/Application/src/Application/Service/ExamService.php(236): Application\Entity\Repository\StudentHasCourseHasExamRepo->getAllByPoints()
#4 /private/var/www/stmhub/module/Application/src/Application/Service/ExamService.php(257): Application\Service\ExamService->getCurrentPositionForStudentInCourse(Object(DoctrineORMModule\Proxy\__CG__\Application\Entity\StudentHasCourse))
#5 /private/var/www/stmhub/module/Application/src/Application/Service/ExamService.php(641): Application\Service\ExamService->composeAnswer(Object(Application\Entity\StudentHasCourseHasExam), false, 'Questa sessione...')
#6 /private/var/www/stmhub/module/Application/src/Application/Controller/ExamController.php(191): Application\Service\ExamService->getCurrentExamSessionItemByToken('66421445254797....', false)
#7 /private/var/www/stmhub/module/Application/src/Application/Controller/ExamController.php(170): Application\Controller\ExamController->tokenize(false)
#8 /private/var/www/stmhub/vendor/zendframework/zend-mvc/src/Controller/AbstractActionController.php(82): Application\Controller\ExamController->tokenAction()
#9 [internal function]: Zend\Mvc\Controller\AbstractActionController->onDispatch(Object(Zend\Mvc\MvcEvent))
#10 /private/var/www/stmhub/vendor/zendframework/zend-eventmanager/src/EventManager.php(444): call_user_func(Array, Object(Zend\Mvc\MvcEvent))
#11 /private/var/www/stmhub/vendor/zendframework/zend-eventmanager/src/EventManager.php(205): Zend\EventManager\EventManager->triggerListeners('dispatch', Object(Zend\Mvc\MvcEvent), Object(Closure))
#12 /private/var/www/stmhub/vendor/zendframework/zend-mvc/src/Controller/AbstractController.php(118): Zend\EventManager\EventManager->trigger('dispatch', Object(Zend\Mvc\MvcEvent), Object(Closure))
#13 /private/var/www/stmhub/vendor/zendframework/zend-mvc/src/DispatchListener.php(93): Zend\Mvc\Controller\AbstractController->dispatch(Object(ZF\ContentNegotiation\Request), Object(Zend\Http\PhpEnvironment\Response))
#14 [internal function]: Zend\Mvc\DispatchListener->onDispatch(Object(Zend\Mvc\MvcEvent))
#15 /private/var/www/stmhub/vendor/zendframework/zend-eventmanager/src/EventManager.php(444): call_user_func(Array, Object(Zend\Mvc\MvcEvent))
#16 /private/var/www/stmhub/vendor/zendframework/zend-eventmanager/src/EventManager.php(205): Zend\EventManager\EventManager->triggerListeners('dispatch', Object(Zend\Mvc\MvcEvent), Object(Closure))
#17 /private/var/www/stmhub/vendor/zendframework/zend-mvc/src/Application.php(314): Zend\EventManager\EventManager->trigger('dispatch', Object(Zend\Mvc\MvcEvent), Object(Closure))
#18 /private/var/www/stmhub/public/index.php(40): Zend\Mvc\Application->run()
#19 {main} {"Zf2Logger":"{\"sessionId\":\"n8bh4mqgj5h61aein9o5216337\",\"host\":\"smiletomove.local\",\"ip\":\"127.0.0.1\"}"}
2015-12-16T00:31:55+01:00 WARN (4): No query found named 'myquery' on class 'Application\Entity\StudentHasCourseHasExam'. {"Zf2Logger":"{\"sessionId\":\"n8bh4mqgj5h61aein9o5216337\",\"host\":\"smiletomove.local\",\"ip\":\"127.0.0.1\"}"}
2015-12-16T00:31:55+01:00 INFO (6): #0 /private/var/www/stmhub/vendor/doctrine/orm/lib/Doctrine/ORM/Mapping/ClassMetadataInfo.php(1310): Doctrine\ORM\Mapping\MappingException::queryNotFound('Application\\Ent...', 'myquery')
#1 /private/var/www/stmhub/vendor/doctrine/orm/lib/Doctrine/ORM/EntityRepository.php(124): Doctrine\ORM\Mapping\ClassMetadataInfo->getNamedNativeQuery('myquery')
#2 /private/var/www/stmhub/module/Application/src/Application/Entity/Repository/StudentHasCourseHasExamRepo.php(24): Doctrine\ORM\EntityRepository->createNativeNamedQuery('myquery')
#3 /private/var/www/stmhub/module/Application/src/Application/Service/ExamService.php(236): Application\Entity\Repository\StudentHasCourseHasExamRepo->getAllByPoints()
#4 /private/var/www/stmhub/module/Application/src/Application/Service/ExamService.php(257): Application\Service\ExamService->getCurrentPositionForStudentInCourse(Object(DoctrineORMModule\Proxy\__CG__\Application\Entity\StudentHasCourse))
#5 /private/var/www/stmhub/module/Application/src/Application/Service/ExamService.php(641): Application\Service\ExamService->composeAnswer(Object(Application\Entity\StudentHasCourseHasExam), false, 'Questa sessione...')
#6 /private/var/www/stmhub/module/Application/src/Application/Controller/ExamController.php(191): Application\Service\ExamService->getCurrentExamSessionItemByToken('66421445254797....', false)
#7 /private/var/www/stmhub/module/Application/src/Application/Controller/ExamController.php(170): Application\Controller\ExamController->tokenize(false)
#8 /private/var/www/stmhub/vendor/zendframework/zend-mvc/src/Controller/AbstractActionController.php(82): Application\Controller\ExamController->tokenAction()
#9 [internal function]: Zend\Mvc\Controller\AbstractActionController->onDispatch(Object(Zend\Mvc\MvcEvent))
#10 /private/var/www/stmhub/vendor/zendframework/zend-eventmanager/src/EventManager.php(444): call_user_func(Array, Object(Zend\Mvc\MvcEvent))
#11 /private/var/www/stmhub/vendor/zendframework/zend-eventmanager/src/EventManager.php(205): Zend\EventManager\EventManager->triggerListeners('dispatch', Object(Zend\Mvc\MvcEvent), Object(Closure))
#12 /private/var/www/stmhub/vendor/zendframework/zend-mvc/src/Controller/AbstractController.php(118): Zend\EventManager\EventManager->trigger('dispatch', Object(Zend\Mvc\MvcEvent), Object(Closure))
#13 /private/var/www/stmhub/vendor/zendframework/zend-mvc/src/DispatchListener.php(93): Zend\Mvc\Controller\AbstractController->dispatch(Object(ZF\ContentNegotiation\Request), Object(Zend\Http\PhpEnvironment\Response))
#14 [internal function]: Zend\Mvc\DispatchListener->onDispatch(Object(Zend\Mvc\MvcEvent))
#15 /private/var/www/stmhub/vendor/zendframework/zend-eventmanager/src/EventManager.php(444): call_user_func(Array, Object(Zend\Mvc\MvcEvent))
#16 /private/var/www/stmhub/vendor/zendframework/zend-eventmanager/src/EventManager.php(205): Zend\EventManager\EventManager->triggerListeners('dispatch', Object(Zend\Mvc\MvcEvent), Object(Closure))
#17 /private/var/www/stmhub/vendor/zendframework/zend-mvc/src/Application.php(314): Zend\EventManager\EventManager->trigger('dispatch', Object(Zend\Mvc\MvcEvent), Object(Closure))
#18 /private/var/www/stmhub/public/index.php(40): Zend\Mvc\Application->run()
#19 {main} {"Zf2Logger":"{\"sessionId\":\"n8bh4mqgj5h61aein9o5216337\",\"host\":\"smiletomove.local\",\"ip\":\"127.0.0.1\"}"}
2015-12-16T00:33:01+01:00 WARN (4): No exam session found for the token session part [a6990ed96e2c5acac92acdcc3f83ba4e2893ad76] {"Zf2Logger":"{\"sessionId\":\"n8bh4mqgj5h61aein9o5216337\",\"host\":\"smiletomove.local\",\"ip\":\"127.0.0.1\"}"}
2015-12-16T00:33:01+01:00 INFO (6): #0 /private/var/www/stmhub/module/Application/src/Application/Controller/ExamController.php(191): Application\Service\ExamService->getCurrentExamSessionItemByToken('39311445254797....', true)
#1 /private/var/www/stmhub/module/Application/src/Application/Controller/ExamController.php(179): Application\Controller\ExamController->tokenize(true)
#2 /private/var/www/stmhub/vendor/zendframework/zend-mvc/src/Controller/AbstractActionController.php(82): Application\Controller\ExamController->tokenchallengeAction()
#3 [internal function]: Zend\Mvc\Controller\AbstractActionController->onDispatch(Object(Zend\Mvc\MvcEvent))
#4 /private/var/www/stmhub/vendor/zendframework/zend-eventmanager/src/EventManager.php(444): call_user_func(Array, Object(Zend\Mvc\MvcEvent))
#5 /private/var/www/stmhub/vendor/zendframework/zend-eventmanager/src/EventManager.php(205): Zend\EventManager\EventManager->triggerListeners('dispatch', Object(Zend\Mvc\MvcEvent), Object(Closure))
#6 /private/var/www/stmhub/vendor/zendframework/zend-mvc/src/Controller/AbstractController.php(118): Zend\EventManager\EventManager->trigger('dispatch', Object(Zend\Mvc\MvcEvent), Object(Closure))
#7 /private/var/www/stmhub/vendor/zendframework/zend-mvc/src/DispatchListener.php(93): Zend\Mvc\Controller\AbstractController->dispatch(Object(ZF\ContentNegotiation\Request), Object(Zend\Http\PhpEnvironment\Response))
#8 [internal function]: Zend\Mvc\DispatchListener->onDispatch(Object(Zend\Mvc\MvcEvent))
#9 /private/var/www/stmhub/vendor/zendframework/zend-eventmanager/src/EventManager.php(444): call_user_func(Array, Object(Zend\Mvc\MvcEvent))
#10 /private/var/www/stmhub/vendor/zendframework/zend-eventmanager/src/EventManager.php(205): Zend\EventManager\EventManager->triggerListeners('dispatch', Object(Zend\Mvc\MvcEvent), Object(Closure))
#11 /private/var/www/stmhub/vendor/zendframework/zend-mvc/src/Application.php(314): Zend\EventManager\EventManager->trigger('dispatch', Object(Zend\Mvc\MvcEvent), Object(Closure))
#12 /private/var/www/stmhub/public/index.php(40): Zend\Mvc\Application->run()
#13 {main} {"Zf2Logger":"{\"sessionId\":\"n8bh4mqgj5h61aein9o5216337\",\"host\":\"smiletomove.local\",\"ip\":\"127.0.0.1\"}"}
2015-12-16T00:33:02+01:00 WARN (4): No query found named 'SELECT SUM(points) AS tot,student_has_course_id, SUM(TIMESTAMPDIFF(SECOND,real_start_date,end_date)) AS timing FROM student_has_course_has_exam GROUP BY student_has_course_id ORDER BY tot DESC,timing ASC' on class 'Application\Entity\StudentHasCourseHasExam'. {"Zf2Logger":"{\"sessionId\":\"n8bh4mqgj5h61aein9o5216337\",\"host\":\"smiletomove.local\",\"ip\":\"127.0.0.1\"}"}
2015-12-16T00:33:02+01:00 INFO (6): #0 /private/var/www/stmhub/vendor/doctrine/orm/lib/Doctrine/ORM/Mapping/ClassMetadataInfo.php(1310): Doctrine\ORM\Mapping\MappingException::queryNotFound('Application\\Ent...', 'SELECT SUM(poin...')
#1 /private/var/www/stmhub/vendor/doctrine/orm/lib/Doctrine/ORM/EntityRepository.php(124): Doctrine\ORM\Mapping\ClassMetadataInfo->getNamedNativeQuery('SELECT SUM(poin...')
#2 /private/var/www/stmhub/module/Application/src/Application/Entity/Repository/StudentHasCourseHasExamRepo.php(24): Doctrine\ORM\EntityRepository->createNativeNamedQuery('SELECT SUM(poin...')
#3 /private/var/www/stmhub/module/Application/src/Application/Service/ExamService.php(236): Application\Entity\Repository\StudentHasCourseHasExamRepo->getAllByPoints()
#4 /private/var/www/stmhub/module/Application/src/Application/Service/ExamService.php(257): Application\Service\ExamService->getCurrentPositionForStudentInCourse(Object(DoctrineORMModule\Proxy\__CG__\Application\Entity\StudentHasCourse))
#5 /private/var/www/stmhub/module/Application/src/Application/Service/ExamService.php(641): Application\Service\ExamService->composeAnswer(Object(Application\Entity\StudentHasCourseHasExam), false, 'Questa sessione...')
#6 /private/var/www/stmhub/module/Application/src/Application/Controller/ExamController.php(191): Application\Service\ExamService->getCurrentExamSessionItemByToken('66421445254797....', false)
#7 /private/var/www/stmhub/module/Application/src/Application/Controller/ExamController.php(170): Application\Controller\ExamController->tokenize(false)
#8 /private/var/www/stmhub/vendor/zendframework/zend-mvc/src/Controller/AbstractActionController.php(82): Application\Controller\ExamController->tokenAction()
#9 [internal function]: Zend\Mvc\Controller\AbstractActionController->onDispatch(Object(Zend\Mvc\MvcEvent))
#10 /private/var/www/stmhub/vendor/zendframework/zend-eventmanager/src/EventManager.php(444): call_user_func(Array, Object(Zend\Mvc\MvcEvent))
#11 /private/var/www/stmhub/vendor/zendframework/zend-eventmanager/src/EventManager.php(205): Zend\EventManager\EventManager->triggerListeners('dispatch', Object(Zend\Mvc\MvcEvent), Object(Closure))
#12 /private/var/www/stmhub/vendor/zendframework/zend-mvc/src/Controller/AbstractController.php(118): Zend\EventManager\EventManager->trigger('dispatch', Object(Zend\Mvc\MvcEvent), Object(Closure))
#13 /private/var/www/stmhub/vendor/zendframework/zend-mvc/src/DispatchListener.php(93): Zend\Mvc\Controller\AbstractController->dispatch(Object(ZF\ContentNegotiation\Request), Object(Zend\Http\PhpEnvironment\Response))
#14 [internal function]: Zend\Mvc\DispatchListener->onDispatch(Object(Zend\Mvc\MvcEvent))
#15 /private/var/www/stmhub/vendor/zendframework/zend-eventmanager/src/EventManager.php(444): call_user_func(Array, Object(Zend\Mvc\MvcEvent))
#16 /private/var/www/stmhub/vendor/zendframework/zend-eventmanager/src/EventManager.php(205): Zend\EventManager\EventManager->triggerListeners('dispatch', Object(Zend\Mvc\MvcEvent), Object(Closure))
#17 /private/var/www/stmhub/vendor/zendframework/zend-mvc/src/Application.php(314): Zend\EventManager\EventManager->trigger('dispatch', Object(Zend\Mvc\MvcEvent), Object(Closure))
#18 /private/var/www/stmhub/public/index.php(40): Zend\Mvc\Application->run()
#19 {main} {"Zf2Logger":"{\"sessionId\":\"n8bh4mqgj5h61aein9o5216337\",\"host\":\"smiletomove.local\",\"ip\":\"127.0.0.1\"}"}
2015-12-16T00:33:03+01:00 WARN (4): No query found named 'SELECT SUM(points) AS tot,student_has_course_id, SUM(TIMESTAMPDIFF(SECOND,real_start_date,end_date)) AS timing FROM student_has_course_has_exam GROUP BY student_has_course_id ORDER BY tot DESC,timing ASC' on class 'Application\Entity\StudentHasCourseHasExam'. {"Zf2Logger":"{\"sessionId\":\"n8bh4mqgj5h61aein9o5216337\",\"host\":\"smiletomove.local\",\"ip\":\"127.0.0.1\"}"}
2015-12-16T00:33:03+01:00 INFO (6): #0 /private/var/www/stmhub/vendor/doctrine/orm/lib/Doctrine/ORM/Mapping/ClassMetadataInfo.php(1310): Doctrine\ORM\Mapping\MappingException::queryNotFound('Application\\Ent...', 'SELECT SUM(poin...')
#1 /private/var/www/stmhub/vendor/doctrine/orm/lib/Doctrine/ORM/EntityRepository.php(124): Doctrine\ORM\Mapping\ClassMetadataInfo->getNamedNativeQuery('SELECT SUM(poin...')
#2 /private/var/www/stmhub/module/Application/src/Application/Entity/Repository/StudentHasCourseHasExamRepo.php(24): Doctrine\ORM\EntityRepository->createNativeNamedQuery('SELECT SUM(poin...')
#3 /private/var/www/stmhub/module/Application/src/Application/Service/ExamService.php(236): Application\Entity\Repository\StudentHasCourseHasExamRepo->getAllByPoints()
#4 /private/var/www/stmhub/module/Application/src/Application/Service/ExamService.php(257): Application\Service\ExamService->getCurrentPositionForStudentInCourse(Object(DoctrineORMModule\Proxy\__CG__\Application\Entity\StudentHasCourse))
#5 /private/var/www/stmhub/module/Application/src/Application/Service/ExamService.php(641): Application\Service\ExamService->composeAnswer(Object(Application\Entity\StudentHasCourseHasExam), false, 'Questa sessione...')
#6 /private/var/www/stmhub/module/Application/src/Application/Controller/ExamController.php(191): Application\Service\ExamService->getCurrentExamSessionItemByToken('66421445254797....', false)
#7 /private/var/www/stmhub/module/Application/src/Application/Controller/ExamController.php(170): Application\Controller\ExamController->tokenize(false)
#8 /private/var/www/stmhub/vendor/zendframework/zend-mvc/src/Controller/AbstractActionController.php(82): Application\Controller\ExamController->tokenAction()
#9 [internal function]: Zend\Mvc\Controller\AbstractActionController->onDispatch(Object(Zend\Mvc\MvcEvent))
#10 /private/var/www/stmhub/vendor/zendframework/zend-eventmanager/src/EventManager.php(444): call_user_func(Array, Object(Zend\Mvc\MvcEvent))
#11 /private/var/www/stmhub/vendor/zendframework/zend-eventmanager/src/EventManager.php(205): Zend\EventManager\EventManager->triggerListeners('dispatch', Object(Zend\Mvc\MvcEvent), Object(Closure))
#12 /private/var/www/stmhub/vendor/zendframework/zend-mvc/src/Controller/AbstractController.php(118): Zend\EventManager\EventManager->trigger('dispatch', Object(Zend\Mvc\MvcEvent), Object(Closure))
#13 /private/var/www/stmhub/vendor/zendframework/zend-mvc/src/DispatchListener.php(93): Zend\Mvc\Controller\AbstractController->dispatch(Object(ZF\ContentNegotiation\Request), Object(Zend\Http\PhpEnvironment\Response))
#14 [internal function]: Zend\Mvc\DispatchListener->onDispatch(Object(Zend\Mvc\MvcEvent))
#15 /private/var/www/stmhub/vendor/zendframework/zend-eventmanager/src/EventManager.php(444): call_user_func(Array, Object(Zend\Mvc\MvcEvent))
#16 /private/var/www/stmhub/vendor/zendframework/zend-eventmanager/src/EventManager.php(205): Zend\EventManager\EventManager->triggerListeners('dispatch', Object(Zend\Mvc\MvcEvent), Object(Closure))
#17 /private/var/www/stmhub/vendor/zendframework/zend-mvc/src/Application.php(314): Zend\EventManager\EventManager->trigger('dispatch', Object(Zend\Mvc\MvcEvent), Object(Closure))
#18 /private/var/www/stmhub/public/index.php(40): Zend\Mvc\Application->run()
#19 {main} {"Zf2Logger":"{\"sessionId\":\"n8bh4mqgj5h61aein9o5216337\",\"host\":\"smiletomove.local\",\"ip\":\"127.0.0.1\"}"}
2015-12-16T00:35:20+01:00 WARN (4): No exam session found for the token session part [a6990ed96e2c5acac92acdcc3f83ba4e2893ad76] {"Zf2Logger":"{\"sessionId\":\"n8bh4mqgj5h61aein9o5216337\",\"host\":\"smiletomove.local\",\"ip\":\"127.0.0.1\"}"}
2015-12-16T00:35:20+01:00 INFO (6): #0 /private/var/www/stmhub/module/Application/src/Application/Controller/ExamController.php(191): Application\Service\ExamService->getCurrentExamSessionItemByToken('39311445254797....', true)
#1 /private/var/www/stmhub/module/Application/src/Application/Controller/ExamController.php(179): Application\Controller\ExamController->tokenize(true)
#2 /private/var/www/stmhub/vendor/zendframework/zend-mvc/src/Controller/AbstractActionController.php(82): Application\Controller\ExamController->tokenchallengeAction()
#3 [internal function]: Zend\Mvc\Controller\AbstractActionController->onDispatch(Object(Zend\Mvc\MvcEvent))
#4 /private/var/www/stmhub/vendor/zendframework/zend-eventmanager/src/EventManager.php(444): call_user_func(Array, Object(Zend\Mvc\MvcEvent))
#5 /private/var/www/stmhub/vendor/zendframework/zend-eventmanager/src/EventManager.php(205): Zend\EventManager\EventManager->triggerListeners('dispatch', Object(Zend\Mvc\MvcEvent), Object(Closure))
#6 /private/var/www/stmhub/vendor/zendframework/zend-mvc/src/Controller/AbstractController.php(118): Zend\EventManager\EventManager->trigger('dispatch', Object(Zend\Mvc\MvcEvent), Object(Closure))
#7 /private/var/www/stmhub/vendor/zendframework/zend-mvc/src/DispatchListener.php(93): Zend\Mvc\Controller\AbstractController->dispatch(Object(ZF\ContentNegotiation\Request), Object(Zend\Http\PhpEnvironment\Response))
#8 [internal function]: Zend\Mvc\DispatchListener->onDispatch(Object(Zend\Mvc\MvcEvent))
#9 /private/var/www/stmhub/vendor/zendframework/zend-eventmanager/src/EventManager.php(444): call_user_func(Array, Object(Zend\Mvc\MvcEvent))
#10 /private/var/www/stmhub/vendor/zendframework/zend-eventmanager/src/EventManager.php(205): Zend\EventManager\EventManager->triggerListeners('dispatch', Object(Zend\Mvc\MvcEvent), Object(Closure))
#11 /private/var/www/stmhub/vendor/zendframework/zend-mvc/src/Application.php(314): Zend\EventManager\EventManager->trigger('dispatch', Object(Zend\Mvc\MvcEvent), Object(Closure))
#12 /private/var/www/stmhub/public/index.php(40): Zend\Mvc\Application->run()
#13 {main} {"Zf2Logger":"{\"sessionId\":\"n8bh4mqgj5h61aein9o5216337\",\"host\":\"smiletomove.local\",\"ip\":\"127.0.0.1\"}"}
2015-12-16T00:35:22+01:00 WARN (4): No exam session found for the token session part [a6990ed96e2c5acac92acdcc3f83ba4e2893ad76] {"Zf2Logger":"{\"sessionId\":\"n8bh4mqgj5h61aein9o5216337\",\"host\":\"smiletomove.local\",\"ip\":\"127.0.0.1\"}"}
2015-12-16T00:35:22+01:00 INFO (6): #0 /private/var/www/stmhub/module/Application/src/Application/Controller/ExamController.php(191): Application\Service\ExamService->getCurrentExamSessionItemByToken('39311445254797....', true)
#1 /private/var/www/stmhub/module/Application/src/Application/Controller/ExamController.php(179): Application\Controller\ExamController->tokenize(true)
#2 /private/var/www/stmhub/vendor/zendframework/zend-mvc/src/Controller/AbstractActionController.php(82): Application\Controller\ExamController->tokenchallengeAction()
#3 [internal function]: Zend\Mvc\Controller\AbstractActionController->onDispatch(Object(Zend\Mvc\MvcEvent))
#4 /private/var/www/stmhub/vendor/zendframework/zend-eventmanager/src/EventManager.php(444): call_user_func(Array, Object(Zend\Mvc\MvcEvent))
#5 /private/var/www/stmhub/vendor/zendframework/zend-eventmanager/src/EventManager.php(205): Zend\EventManager\EventManager->triggerListeners('dispatch', Object(Zend\Mvc\MvcEvent), Object(Closure))
#6 /private/var/www/stmhub/vendor/zendframework/zend-mvc/src/Controller/AbstractController.php(118): Zend\EventManager\EventManager->trigger('dispatch', Object(Zend\Mvc\MvcEvent), Object(Closure))
#7 /private/var/www/stmhub/vendor/zendframework/zend-mvc/src/DispatchListener.php(93): Zend\Mvc\Controller\AbstractController->dispatch(Object(ZF\ContentNegotiation\Request), Object(Zend\Http\PhpEnvironment\Response))
#8 [internal function]: Zend\Mvc\DispatchListener->onDispatch(Object(Zend\Mvc\MvcEvent))
#9 /private/var/www/stmhub/vendor/zendframework/zend-eventmanager/src/EventManager.php(444): call_user_func(Array, Object(Zend\Mvc\MvcEvent))
#10 /private/var/www/stmhub/vendor/zendframework/zend-eventmanager/src/EventManager.php(205): Zend\EventManager\EventManager->triggerListeners('dispatch', Object(Zend\Mvc\MvcEvent), Object(Closure))
#11 /private/var/www/stmhub/vendor/zendframework/zend-mvc/src/Application.php(314): Zend\EventManager\EventManager->trigger('dispatch', Object(Zend\Mvc\MvcEvent), Object(Closure))
#12 /private/var/www/stmhub/public/index.php(40): Zend\Mvc\Application->run()
#13 {main} {"Zf2Logger":"{\"sessionId\":\"n8bh4mqgj5h61aein9o5216337\",\"host\":\"smiletomove.local\",\"ip\":\"127.0.0.1\"}"}
2015-12-16T00:57:46+01:00 NOTICE (5): Undefined index: position {"errno":8,"file":"/private/var/www/stmhub/module/Application/src/Application/Controller/ExamController.php","line":591,"Zf2Logger":"{\"sessionId\":\"n8bh4mqgj5h61aein9o5216337\",\"host\":\"smiletomove.local\",\"ip\":\"127.0.0.1\"}"}
2015-12-16T01:12:38+01:00 WARN (4): trim() expects parameter 1 to be string, object given {"errno":2,"file":"/private/var/www/stmhub/vendor/doctrine/orm/lib/Doctrine/ORM/Persisters/Entity/BasicEntityPersister.php","line":1138,"Zf2Logger":"{\"sessionId\":\"n8bh4mqgj5h61aein9o5216337\",\"host\":\"smiletomove.local\",\"ip\":\"127.0.0.1\"}"}
2015-12-16T01:12:38+01:00 WARN (4): Invalid order by orientation specified for Application\Entity\Prize#0 {"Zf2Logger":"{\"sessionId\":\"n8bh4mqgj5h61aein9o5216337\",\"host\":\"smiletomove.local\",\"ip\":\"127.0.0.1\"}"}
2015-12-16T01:12:38+01:00 INFO (6): #0 /private/var/www/stmhub/vendor/doctrine/orm/lib/Doctrine/ORM/Persisters/Entity/BasicEntityPersister.php(1141): Doctrine\ORM\ORMException::invalidOrientation('Application\\Ent...', 0)
#1 /private/var/www/stmhub/vendor/doctrine/orm/lib/Doctrine/ORM/Persisters/Entity/BasicEntityPersister.php(1053): Doctrine\ORM\Persisters\Entity\BasicEntityPersister->getOrderBySQL(Array, 't0')
#2 /private/var/www/stmhub/vendor/doctrine/orm/lib/Doctrine/ORM/Persisters/Entity/BasicEntityPersister.php(882): Doctrine\ORM\Persisters\Entity\BasicEntityPersister->getSelectSQL(Array, NULL, NULL, NULL, NULL, Array)
#3 /private/var/www/stmhub/vendor/doctrine/orm/lib/Doctrine/ORM/EntityRepository.php(181): Doctrine\ORM\Persisters\Entity\BasicEntityPersister->loadAll(Array, Array, NULL, NULL)
#4 /private/var/www/stmhub/vendor/doctrine/orm/lib/Doctrine/ORM/EntityRepository.php(244): Doctrine\ORM\EntityRepository->findBy(Array, Array)
#5 /private/var/www/stmhub/module/Application/src/Application/Service/ExamService.php(251): Doctrine\ORM\EntityRepository->__call('findByPosition', Array)
#6 /private/var/www/stmhub/module/Application/src/Application/Service/ExamService.php(251): Application\Entity\Repository\PrizeRepo->findByPosition(1, Array)
#7 /private/var/www/stmhub/module/Application/src/Application/Service/ExamService.php(277): Application\Service\ExamService->getCurrentPositionAndPrizeForStudentInCourse(Object(DoctrineORMModule\Proxy\__CG__\Application\Entity\StudentHasCourse))
#8 /private/var/www/stmhub/module/Application/src/Application/Service/ExamService.php(661): Application\Service\ExamService->composeAnswer(Object(Application\Entity\StudentHasCourseHasExam), false, 'Questa sessione...')
#9 /private/var/www/stmhub/module/Application/src/Application/Controller/ExamController.php(191): Application\Service\ExamService->getCurrentExamSessionItemByToken('66421445254797....', false)
#10 /private/var/www/stmhub/module/Application/src/Application/Controller/ExamController.php(170): Application\Controller\ExamController->tokenize(false)
#11 /private/var/www/stmhub/vendor/zendframework/zend-mvc/src/Controller/AbstractActionController.php(82): Application\Controller\ExamController->tokenAction()
#12 [internal function]: Zend\Mvc\Controller\AbstractActionController->onDispatch(Object(Zend\Mvc\MvcEvent))
#13 /private/var/www/stmhub/vendor/zendframework/zend-eventmanager/src/EventManager.php(444): call_user_func(Array, Object(Zend\Mvc\MvcEvent))
#14 /private/var/www/stmhub/vendor/zendframework/zend-eventmanager/src/EventManager.php(205): Zend\EventManager\EventManager->triggerListeners('dispatch', Object(Zend\Mvc\MvcEvent), Object(Closure))
#15 /private/var/www/stmhub/vendor/zendframework/zend-mvc/src/Controller/AbstractController.php(118): Zend\EventManager\EventManager->trigger('dispatch', Object(Zend\Mvc\MvcEvent), Object(Closure))
#16 /private/var/www/stmhub/vendor/zendframework/zend-mvc/src/DispatchListener.php(93): Zend\Mvc\Controller\AbstractController->dispatch(Object(ZF\ContentNegotiation\Request), Object(Zend\Http\PhpEnvironment\Response))
#17 [internal function]: Zend\Mvc\DispatchListener->onDispatch(Object(Zend\Mvc\MvcEvent))
#18 /private/var/www/stmhub/vendor/zendframework/zend-eventmanager/src/EventManager.php(444): call_user_func(Array, Object(Zend\Mvc\MvcEvent))
#19 /private/var/www/stmhub/vendor/zendframework/zend-eventmanager/src/EventManager.php(205): Zend\EventManager\EventManager->triggerListeners('dispatch', Object(Zend\Mvc\MvcEvent), Object(Closure))
#20 /private/var/www/stmhub/vendor/zendframework/zend-mvc/src/Application.php(314): Zend\EventManager\EventManager->trigger('dispatch', Object(Zend\Mvc\MvcEvent), Object(Closure))
#21 /private/var/www/stmhub/public/index.php(40): Zend\Mvc\Application->run()
#22 {main} {"Zf2Logger":"{\"sessionId\":\"n8bh4mqgj5h61aein9o5216337\",\"host\":\"smiletomove.local\",\"ip\":\"127.0.0.1\"}"}
2015-12-16T01:14:50+01:00 WARN (4): trim() expects parameter 1 to be string, object given {"errno":2,"file":"/private/var/www/stmhub/vendor/doctrine/orm/lib/Doctrine/ORM/Persisters/Entity/BasicEntityPersister.php","line":1138,"Zf2Logger":"{\"sessionId\":\"n8bh4mqgj5h61aein9o5216337\",\"host\":\"smiletomove.local\",\"ip\":\"127.0.0.1\"}"}
2015-12-16T01:14:50+01:00 WARN (4): Invalid order by orientation specified for Application\Entity\Prize#0 {"Zf2Logger":"{\"sessionId\":\"n8bh4mqgj5h61aein9o5216337\",\"host\":\"smiletomove.local\",\"ip\":\"127.0.0.1\"}"}
2015-12-16T01:14:50+01:00 INFO (6): #0 /private/var/www/stmhub/vendor/doctrine/orm/lib/Doctrine/ORM/Persisters/Entity/BasicEntityPersister.php(1141): Doctrine\ORM\ORMException::invalidOrientation('Application\\Ent...', 0)
#1 /private/var/www/stmhub/vendor/doctrine/orm/lib/Doctrine/ORM/Persisters/Entity/BasicEntityPersister.php(1053): Doctrine\ORM\Persisters\Entity\BasicEntityPersister->getOrderBySQL(Array, 't0')
#2 /private/var/www/stmhub/vendor/doctrine/orm/lib/Doctrine/ORM/Persisters/Entity/BasicEntityPersister.php(882): Doctrine\ORM\Persisters\Entity\BasicEntityPersister->getSelectSQL(Array, NULL, NULL, NULL, NULL, Array)
#3 /private/var/www/stmhub/vendor/doctrine/orm/lib/Doctrine/ORM/EntityRepository.php(181): Doctrine\ORM\Persisters\Entity\BasicEntityPersister->loadAll(Array, Array, NULL, NULL)
#4 /private/var/www/stmhub/vendor/doctrine/orm/lib/Doctrine/ORM/EntityRepository.php(244): Doctrine\ORM\EntityRepository->findBy(Array, Array)
#5 /private/var/www/stmhub/module/Application/src/Application/Service/ExamService.php(251): Doctrine\ORM\EntityRepository->__call('findByPosition', Array)
#6 /private/var/www/stmhub/module/Application/src/Application/Service/ExamService.php(251): Application\Entity\Repository\PrizeRepo->findByPosition(1, Array)
#7 /private/var/www/stmhub/module/Application/src/Application/Service/ExamService.php(277): Application\Service\ExamService->getCurrentPositionAndPrizeForStudentInCourse(Object(DoctrineORMModule\Proxy\__CG__\Application\Entity\StudentHasCourse))
#8 /private/var/www/stmhub/module/Application/src/Application/Service/ExamService.php(661): Application\Service\ExamService->composeAnswer(Object(Application\Entity\StudentHasCourseHasExam), false, 'Questa sessione...')
#9 /private/var/www/stmhub/module/Application/src/Application/Controller/ExamController.php(191): Application\Service\ExamService->getCurrentExamSessionItemByToken('66421445254797....', false)
#10 /private/var/www/stmhub/module/Application/src/Application/Controller/ExamController.php(170): Application\Controller\ExamController->tokenize(false)
#11 /private/var/www/stmhub/vendor/zendframework/zend-mvc/src/Controller/AbstractActionController.php(82): Application\Controller\ExamController->tokenAction()
#12 [internal function]: Zend\Mvc\Controller\AbstractActionController->onDispatch(Object(Zend\Mvc\MvcEvent))
#13 /private/var/www/stmhub/vendor/zendframework/zend-eventmanager/src/EventManager.php(444): call_user_func(Array, Object(Zend\Mvc\MvcEvent))
#14 /private/var/www/stmhub/vendor/zendframework/zend-eventmanager/src/EventManager.php(205): Zend\EventManager\EventManager->triggerListeners('dispatch', Object(Zend\Mvc\MvcEvent), Object(Closure))
#15 /private/var/www/stmhub/vendor/zendframework/zend-mvc/src/Controller/AbstractController.php(118): Zend\EventManager\EventManager->trigger('dispatch', Object(Zend\Mvc\MvcEvent), Object(Closure))
#16 /private/var/www/stmhub/vendor/zendframework/zend-mvc/src/DispatchListener.php(93): Zend\Mvc\Controller\AbstractController->dispatch(Object(ZF\ContentNegotiation\Request), Object(Zend\Http\PhpEnvironment\Response))
#17 [internal function]: Zend\Mvc\DispatchListener->onDispatch(Object(Zend\Mvc\MvcEvent))
#18 /private/var/www/stmhub/vendor/zendframework/zend-eventmanager/src/EventManager.php(444): call_user_func(Array, Object(Zend\Mvc\MvcEvent))
#19 /private/var/www/stmhub/vendor/zendframework/zend-eventmanager/src/EventManager.php(205): Zend\EventManager\EventManager->triggerListeners('dispatch', Object(Zend\Mvc\MvcEvent), Object(Closure))
#20 /private/var/www/stmhub/vendor/zendframework/zend-mvc/src/Application.php(314): Zend\EventManager\EventManager->trigger('dispatch', Object(Zend\Mvc\MvcEvent), Object(Closure))
#21 /private/var/www/stmhub/public/index.php(40): Zend\Mvc\Application->run()
#22 {main} {"Zf2Logger":"{\"sessionId\":\"n8bh4mqgj5h61aein9o5216337\",\"host\":\"smiletomove.local\",\"ip\":\"127.0.0.1\"}"}
2015-12-16T01:18:17+01:00 ERR (3): Argument 2 passed to Application\Entity\Repository\PrizeRepo::findByPositionAndCourse() must be an instance of Application\Entity\ClientHasCourse, array given, called in /private/var/www/stmhub/module/Application/src/Application/Service/ExamService.php on line 252 and defined {"errno":4096,"file":"/private/var/www/stmhub/module/Application/src/Application/Entity/Repository/PrizeRepo.php","line":15,"Zf2Logger":"{\"sessionId\":\"n8bh4mqgj5h61aein9o5216337\",\"host\":\"smiletomove.local\",\"ip\":\"127.0.0.1\"}"}
2015-12-16T01:18:45+01:00 ERR (3): Argument 2 passed to Application\Entity\Repository\PrizeRepo::findByPositionAndCourse() must be an instance of Application\Entity\ClientHasCourse, array given, called in /private/var/www/stmhub/module/Application/src/Application/Service/ExamService.php on line 252 and defined {"errno":4096,"file":"/private/var/www/stmhub/module/Application/src/Application/Entity/Repository/PrizeRepo.php","line":15,"Zf2Logger":"{\"sessionId\":\"n8bh4mqgj5h61aein9o5216337\",\"host\":\"smiletomove.local\",\"ip\":\"127.0.0.1\"}"}
2015-12-16T01:19:02+01:00 ERR (3): Argument 2 passed to Application\Entity\Repository\PrizeRepo::findByPositionAndCourse() must be an instance of Application\Entity\ClientHasCourse, array given, called in /private/var/www/stmhub/module/Application/src/Application/Service/ExamService.php on line 252 and defined {"errno":4096,"file":"/private/var/www/stmhub/module/Application/src/Application/Entity/Repository/PrizeRepo.php","line":16,"Zf2Logger":"{\"sessionId\":\"n8bh4mqgj5h61aein9o5216337\",\"host\":\"smiletomove.local\",\"ip\":\"127.0.0.1\"}"}
2015-12-16T01:19:02+01:00 WARN (4): Cannot match on Application\Entity\Prize::clientHasCourse with a non-object value. Matching objects by id is not compatible with matching on an in-memory collection, which compares objects by reference. {"Zf2Logger":"{\"sessionId\":\"n8bh4mqgj5h61aein9o5216337\",\"host\":\"smiletomove.local\",\"ip\":\"127.0.0.1\"}"}
2015-12-16T01:19:02+01:00 INFO (6): #0 /private/var/www/stmhub/vendor/doctrine/orm/lib/Doctrine/ORM/Persisters/SqlExpressionVisitor.php(75): Doctrine\ORM\Persisters\PersisterException::matchingAssocationFieldRequiresObject('Application\\Ent...', 'clientHasCourse')
#1 /private/var/www/stmhub/vendor/doctrine/collections/lib/Doctrine/Common/Collections/Expr/ExpressionVisitor.php(70): Doctrine\ORM\Persisters\SqlExpressionVisitor->walkComparison(Object(Doctrine\Common\Collections\Expr\Comparison))
#2 /private/var/www/stmhub/vendor/doctrine/orm/lib/Doctrine/ORM/Persisters/SqlExpressionVisitor.php(95): Doctrine\Common\Collections\Expr\ExpressionVisitor->dispatch(Object(Doctrine\Common\Collections\Expr\Comparison))
#3 /private/var/www/stmhub/vendor/doctrine/collections/lib/Doctrine/Common/Collections/Expr/ExpressionVisitor.php(76): Doctrine\ORM\Persisters\SqlExpressionVisitor->walkCompositeExpression(Object(Doctrine\Common\Collections\Expr\CompositeExpression))
#4 /private/var/www/stmhub/vendor/doctrine/orm/lib/Doctrine/ORM/Persisters/Entity/BasicEntityPersister.php(1573): Doctrine\Common\Collections\Expr\ExpressionVisitor->dispatch(Object(Doctrine\Common\Collections\Expr\CompositeExpression))
#5 /private/var/www/stmhub/vendor/doctrine/orm/lib/Doctrine/ORM/Persisters/Entity/BasicEntityPersister.php(1104): Doctrine\ORM\Persisters\Entity\BasicEntityPersister->getSelectConditionCriteriaSQL(Object(Doctrine\Common\Collections\Criteria))
#6 /private/var/www/stmhub/vendor/doctrine/orm/lib/Doctrine/ORM/Persisters/Entity/BasicEntityPersister.php(817): Doctrine\ORM\Persisters\Entity\BasicEntityPersister->getCountSQL(Object(Doctrine\Common\Collections\Criteria))
#7 /private/var/www/stmhub/vendor/doctrine/orm/lib/Doctrine/ORM/LazyCriteriaCollection.php(82): Doctrine\ORM\Persisters\Entity\BasicEntityPersister->count(Object(Doctrine\Common\Collections\Criteria))
#8 /private/var/www/stmhub/module/Application/src/Application/Entity/Repository/PrizeRepo.php(22): Doctrine\ORM\LazyCriteriaCollection->count()
#9 /private/var/www/stmhub/module/Application/src/Application/Service/ExamService.php(252): Application\Entity\Repository\PrizeRepo->findByPositionAndCourse(1, Array)
#10 /private/var/www/stmhub/module/Application/src/Application/Service/ExamService.php(278): Application\Service\ExamService->getCurrentPositionAndPrizeForStudentInCourse(Object(DoctrineORMModule\Proxy\__CG__\Application\Entity\StudentHasCourse))
#11 /private/var/www/stmhub/module/Application/src/Application/Service/ExamService.php(662): Application\Service\ExamService->composeAnswer(Object(Application\Entity\StudentHasCourseHasExam), false, 'Questa sessione...')
#12 /private/var/www/stmhub/module/Application/src/Application/Controller/ExamController.php(191): Application\Service\ExamService->getCurrentExamSessionItemByToken('66421445254797....', false)
#13 /private/var/www/stmhub/module/Application/src/Application/Controller/ExamController.php(170): Application\Controller\ExamController->tokenize(false)
#14 /private/var/www/stmhub/vendor/zendframework/zend-mvc/src/Controller/AbstractActionController.php(82): Application\Controller\ExamController->tokenAction()
#15 [internal function]: Zend\Mvc\Controller\AbstractActionController->onDispatch(Object(Zend\Mvc\MvcEvent))
#16 /private/var/www/stmhub/vendor/zendframework/zend-eventmanager/src/EventManager.php(444): call_user_func(Array, Object(Zend\Mvc\MvcEvent))
#17 /private/var/www/stmhub/vendor/zendframework/zend-eventmanager/src/EventManager.php(205): Zend\EventManager\EventManager->triggerListeners('dispatch', Object(Zend\Mvc\MvcEvent), Object(Closure))
#18 /private/var/www/stmhub/vendor/zendframework/zend-mvc/src/Controller/AbstractController.php(118): Zend\EventManager\EventManager->trigger('dispatch', Object(Zend\Mvc\MvcEvent), Object(Closure))
#19 /private/var/www/stmhub/vendor/zendframework/zend-mvc/src/DispatchListener.php(93): Zend\Mvc\Controller\AbstractController->dispatch(Object(ZF\ContentNegotiation\Request), Object(Zend\Http\PhpEnvironment\Response))
#20 [internal function]: Zend\Mvc\DispatchListener->onDispatch(Object(Zend\Mvc\MvcEvent))
#21 /private/var/www/stmhub/vendor/zendframework/zend-eventmanager/src/EventManager.php(444): call_user_func(Array, Object(Zend\Mvc\MvcEvent))
#22 /private/var/www/stmhub/vendor/zendframework/zend-eventmanager/src/EventManager.php(205): Zend\EventManager\EventManager->triggerListeners('dispatch', Object(Zend\Mvc\MvcEvent), Object(Closure))
#23 /private/var/www/stmhub/vendor/zendframework/zend-mvc/src/Application.php(314): Zend\EventManager\EventManager->trigger('dispatch', Object(Zend\Mvc\MvcEvent), Object(Closure))
#24 /private/var/www/stmhub/public/index.php(40): Zend\Mvc\Application->run()
#25 {main} {"Zf2Logger":"{\"sessionId\":\"n8bh4mqgj5h61aein9o5216337\",\"host\":\"smiletomove.local\",\"ip\":\"127.0.0.1\"}"}
2015-12-16T01:20:01+01:00 WARN (4): No exam session found for the token session part [a6990ed96e2c5acac92acdcc3f83ba4e2893ad76] {"Zf2Logger":"{\"sessionId\":\"n8bh4mqgj5h61aein9o5216337\",\"host\":\"smiletomove.local\",\"ip\":\"127.0.0.1\"}"}
2015-12-16T01:20:01+01:00 INFO (6): #0 /private/var/www/stmhub/module/Application/src/Application/Controller/ExamController.php(191): Application\Service\ExamService->getCurrentExamSessionItemByToken('39311445254797....', true)
#1 /private/var/www/stmhub/module/Application/src/Application/Controller/ExamController.php(179): Application\Controller\ExamController->tokenize(true)
#2 /private/var/www/stmhub/vendor/zendframework/zend-mvc/src/Controller/AbstractActionController.php(82): Application\Controller\ExamController->tokenchallengeAction()
#3 [internal function]: Zend\Mvc\Controller\AbstractActionController->onDispatch(Object(Zend\Mvc\MvcEvent))
#4 /private/var/www/stmhub/vendor/zendframework/zend-eventmanager/src/EventManager.php(444): call_user_func(Array, Object(Zend\Mvc\MvcEvent))
#5 /private/var/www/stmhub/vendor/zendframework/zend-eventmanager/src/EventManager.php(205): Zend\EventManager\EventManager->triggerListeners('dispatch', Object(Zend\Mvc\MvcEvent), Object(Closure))
#6 /private/var/www/stmhub/vendor/zendframework/zend-mvc/src/Controller/AbstractController.php(118): Zend\EventManager\EventManager->trigger('dispatch', Object(Zend\Mvc\MvcEvent), Object(Closure))
#7 /private/var/www/stmhub/vendor/zendframework/zend-mvc/src/DispatchListener.php(93): Zend\Mvc\Controller\AbstractController->dispatch(Object(ZF\ContentNegotiation\Request), Object(Zend\Http\PhpEnvironment\Response))
#8 [internal function]: Zend\Mvc\DispatchListener->onDispatch(Object(Zend\Mvc\MvcEvent))
#9 /private/var/www/stmhub/vendor/zendframework/zend-eventmanager/src/EventManager.php(444): call_user_func(Array, Object(Zend\Mvc\MvcEvent))
#10 /private/var/www/stmhub/vendor/zendframework/zend-eventmanager/src/EventManager.php(205): Zend\EventManager\EventManager->triggerListeners('dispatch', Object(Zend\Mvc\MvcEvent), Object(Closure))
#11 /private/var/www/stmhub/vendor/zendframework/zend-mvc/src/Application.php(314): Zend\EventManager\EventManager->trigger('dispatch', Object(Zend\Mvc\MvcEvent), Object(Closure))
#12 /private/var/www/stmhub/public/index.php(40): Zend\Mvc\Application->run()
#13 {main} {"Zf2Logger":"{\"sessionId\":\"n8bh4mqgj5h61aein9o5216337\",\"host\":\"smiletomove.local\",\"ip\":\"127.0.0.1\"}"}
2015-12-16T01:20:02+01:00 WARN (4): No exam session found for the token session part [a6990ed96e2c5acac92acdcc3f83ba4e2893ad76] {"Zf2Logger":"{\"sessionId\":\"n8bh4mqgj5h61aein9o5216337\",\"host\":\"smiletomove.local\",\"ip\":\"127.0.0.1\"}"}
2015-12-16T01:20:02+01:00 INFO (6): #0 /private/var/www/stmhub/module/Application/src/Application/Controller/ExamController.php(191): Application\Service\ExamService->getCurrentExamSessionItemByToken('39311445254797....', true)
#1 /private/var/www/stmhub/module/Application/src/Application/Controller/ExamController.php(179): Application\Controller\ExamController->tokenize(true)
#2 /private/var/www/stmhub/vendor/zendframework/zend-mvc/src/Controller/AbstractActionController.php(82): Application\Controller\ExamController->tokenchallengeAction()
#3 [internal function]: Zend\Mvc\Controller\AbstractActionController->onDispatch(Object(Zend\Mvc\MvcEvent))
#4 /private/var/www/stmhub/vendor/zendframework/zend-eventmanager/src/EventManager.php(444): call_user_func(Array, Object(Zend\Mvc\MvcEvent))
#5 /private/var/www/stmhub/vendor/zendframework/zend-eventmanager/src/EventManager.php(205): Zend\EventManager\EventManager->triggerListeners('dispatch', Object(Zend\Mvc\MvcEvent), Object(Closure))
#6 /private/var/www/stmhub/vendor/zendframework/zend-mvc/src/Controller/AbstractController.php(118): Zend\EventManager\EventManager->trigger('dispatch', Object(Zend\Mvc\MvcEvent), Object(Closure))
#7 /private/var/www/stmhub/vendor/zendframework/zend-mvc/src/DispatchListener.php(93): Zend\Mvc\Controller\AbstractController->dispatch(Object(ZF\ContentNegotiation\Request), Object(Zend\Http\PhpEnvironment\Response))
#8 [internal function]: Zend\Mvc\DispatchListener->onDispatch(Object(Zend\Mvc\MvcEvent))
#9 /private/var/www/stmhub/vendor/zendframework/zend-eventmanager/src/EventManager.php(444): call_user_func(Array, Object(Zend\Mvc\MvcEvent))
#10 /private/var/www/stmhub/vendor/zendframework/zend-eventmanager/src/EventManager.php(205): Zend\EventManager\EventManager->triggerListeners('dispatch', Object(Zend\Mvc\MvcEvent), Object(Closure))
#11 /private/var/www/stmhub/vendor/zendframework/zend-mvc/src/Application.php(314): Zend\EventManager\EventManager->trigger('dispatch', Object(Zend\Mvc\MvcEvent), Object(Closure))
#12 /private/var/www/stmhub/public/index.php(40): Zend\Mvc\Application->run()
#13 {main} {"Zf2Logger":"{\"sessionId\":\"n8bh4mqgj5h61aein9o5216337\",\"host\":\"smiletomove.local\",\"ip\":\"127.0.0.1\"}"}
2015-12-16T01:20:03+01:00 ERR (3): Argument 2 passed to Application\Entity\Repository\PrizeRepo::findByPositionAndCourse() must be an instance of Application\Entity\ClientHasCourse, array given, called in /private/var/www/stmhub/module/Application/src/Application/Service/ExamService.php on line 252 and defined {"errno":4096,"file":"/private/var/www/stmhub/module/Application/src/Application/Entity/Repository/PrizeRepo.php","line":15,"Zf2Logger":"{\"sessionId\":\"n8bh4mqgj5h61aein9o5216337\",\"host\":\"smiletomove.local\",\"ip\":\"127.0.0.1\"}"}
2015-12-16T01:20:34+01:00 ERR (3): Argument 2 passed to Application\Entity\Repository\PrizeRepo::findByPositionAndCourse() must be an instance of Application\Entity\ClientHasCourse, array given, called in /private/var/www/stmhub/module/Application/src/Application/Service/ExamService.php on line 252 and defined {"errno":4096,"file":"/private/var/www/stmhub/module/Application/src/Application/Entity/Repository/PrizeRepo.php","line":15,"Zf2Logger":"{\"sessionId\":\"n8bh4mqgj5h61aein9o5216337\",\"host\":\"smiletomove.local\",\"ip\":\"127.0.0.1\"}"}
2015-12-16T01:28:28+01:00 WARN (4): No exam session found for the token session part [a6990ed96e2c5acac92acdcc3f83ba4e2893ad76] {"Zf2Logger":"{\"sessionId\":\"n8bh4mqgj5h61aein9o5216337\",\"host\":\"smiletomove.local\",\"ip\":\"127.0.0.1\"}"}
2015-12-16T01:28:28+01:00 INFO (6): #0 /private/var/www/stmhub/module/Application/src/Application/Controller/ExamController.php(191): Application\Service\ExamService->getCurrentExamSessionItemByToken('39311445254797....', true)
#1 /private/var/www/stmhub/module/Application/src/Application/Controller/ExamController.php(179): Application\Controller\ExamController->tokenize(true)
#2 /private/var/www/stmhub/vendor/zendframework/zend-mvc/src/Controller/AbstractActionController.php(82): Application\Controller\ExamController->tokenchallengeAction()
#3 [internal function]: Zend\Mvc\Controller\AbstractActionController->onDispatch(Object(Zend\Mvc\MvcEvent))
#4 /private/var/www/stmhub/vendor/zendframework/zend-eventmanager/src/EventManager.php(444): call_user_func(Array, Object(Zend\Mvc\MvcEvent))
#5 /private/var/www/stmhub/vendor/zendframework/zend-eventmanager/src/EventManager.php(205): Zend\EventManager\EventManager->triggerListeners('dispatch', Object(Zend\Mvc\MvcEvent), Object(Closure))
#6 /private/var/www/stmhub/vendor/zendframework/zend-mvc/src/Controller/AbstractController.php(118): Zend\EventManager\EventManager->trigger('dispatch', Object(Zend\Mvc\MvcEvent), Object(Closure))
#7 /private/var/www/stmhub/vendor/zendframework/zend-mvc/src/DispatchListener.php(93): Zend\Mvc\Controller\AbstractController->dispatch(Object(ZF\ContentNegotiation\Request), Object(Zend\Http\PhpEnvironment\Response))
#8 [internal function]: Zend\Mvc\DispatchListener->onDispatch(Object(Zend\Mvc\MvcEvent))
#9 /private/var/www/stmhub/vendor/zendframework/zend-eventmanager/src/EventManager.php(444): call_user_func(Array, Object(Zend\Mvc\MvcEvent))
#10 /private/var/www/stmhub/vendor/zendframework/zend-eventmanager/src/EventManager.php(205): Zend\EventManager\EventManager->triggerListeners('dispatch', Object(Zend\Mvc\MvcEvent), Object(Closure))
#11 /private/var/www/stmhub/vendor/zendframework/zend-mvc/src/Application.php(314): Zend\EventManager\EventManager->trigger('dispatch', Object(Zend\Mvc\MvcEvent), Object(Closure))
#12 /private/var/www/stmhub/public/index.php(40): Zend\Mvc\Application->run()
#13 {main} {"Zf2Logger":"{\"sessionId\":\"n8bh4mqgj5h61aein9o5216337\",\"host\":\"smiletomove.local\",\"ip\":\"127.0.0.1\"}"}
